0 info it worked if it ends with ok
1 verbose cli [ '/usr/local/bin/node', '/usr/local/bin/npm', 'start' ]
2 info using npm@3.10.8
3 info using node@v7.0.0
4 verbose run-script [ 'prestart', 'start', 'poststart' ]
5 info lifecycle mastoras@1.0.0~prestart: mastoras@1.0.0
6 silly lifecycle mastoras@1.0.0~prestart: no script for prestart, continuing
7 info lifecycle mastoras@1.0.0~start: mastoras@1.0.0
8 verbose lifecycle mastoras@1.0.0~start: unsafe-perm in lifecycle true
9 verbose lifecycle mastoras@1.0.0~start: PATH: /usr/local/lib/node_modules/npm/bin/node-gyp-bin:/home/stefanos/Documents/tak-demo/node_modules/.bin:/home/stefanos/anaconda3/bin:/home/stefanos/anaconda3/bin:/usr/local/sbin:/usr/local/bin:/usr/sbin:/usr/bin:/sbin:/bin:/usr/games:/usr/local/games
10 verbose lifecycle mastoras@1.0.0~start: CWD: /home/stefanos/Documents/tak-demo
11 silly lifecycle mastoras@1.0.0~start: Args: [ '-c', 'webpack && webpack-dev-server' ]
12 silly lifecycle mastoras@1.0.0~start: Returned: code: 2  signal: null
13 info lifecycle mastoras@1.0.0~start: Failed to exec start script
14 verbose stack Error: mastoras@1.0.0 start: `webpack && webpack-dev-server`
14 verbose stack Exit status 2
14 verbose stack     at EventEmitter.<anonymous> (/usr/local/lib/node_modules/npm/lib/utils/lifecycle.js:255:16)
14 verbose stack     at emitTwo (events.js:106:13)
14 verbose stack     at EventEmitter.emit (events.js:191:7)
14 verbose stack     at ChildProcess.<anonymous> (/usr/local/lib/node_modules/npm/lib/utils/spawn.js:40:14)
14 verbose stack     at emitTwo (events.js:106:13)
14 verbose stack     at ChildProcess.emit (events.js:191:7)
14 verbose stack     at maybeClose (internal/child_process.js:877:16)
14 verbose stack     at Process.ChildProcess._handle.onexit (internal/child_process.js:226:5)
15 verbose pkgid mastoras@1.0.0
16 verbose cwd /home/stefanos/Documents/tak-demo
17 error Linux 3.16.0-77-generic
18 error argv "/usr/local/bin/node" "/usr/local/bin/npm" "start"
19 error node v7.0.0
20 error npm  v3.10.8
21 error code ELIFECYCLE
22 error mastoras@1.0.0 start: `webpack && webpack-dev-server`
22 error Exit status 2
23 error Failed at the mastoras@1.0.0 start script 'webpack && webpack-dev-server'.
23 error Make sure you have the latest version of node.js and npm installed.
23 error If you do, this is most likely a problem with the mastoras package,
23 error not with npm itself.
23 error Tell the author that this fails on your system:
23 error     webpack && webpack-dev-server
23 error You can get information on how to open an issue for this project with:
23 error     npm bugs mastoras
23 error Or if that isn't available, you can get their info via:
23 error     npm owner ls mastoras
23 error There is likely additional logging output above.
24 verbose exit [ 1, true ]
